0 info it worked if it ends with ok
1 verbose cli [ '/usr/local/bin/node',
1 verbose cli   '/usr/local/bin/npm',
1 verbose cli   'dist-tag',
1 verbose cli   'add',
1 verbose cli   'sus-cpf@1.0.2' ]
2 info using npm@3.10.3
3 info using node@v6.6.0
4 verbose dist-tag add latest to sus-cpf@1.0.2
5 silly mapToRegistry name sus-cpf
6 silly mapToRegistry using default registry
7 silly mapToRegistry registry http://registry.npmjs.org/
8 silly mapToRegistry data Result {
8 silly mapToRegistry   raw: 'sus-cpf',
8 silly mapToRegistry   scope: null,
8 silly mapToRegistry   escapedName: 'sus-cpf',
8 silly mapToRegistry   name: 'sus-cpf',
8 silly mapToRegistry   rawSpec: '',
8 silly mapToRegistry   spec: 'latest',
8 silly mapToRegistry   type: 'tag' }
9 silly mapToRegistry uri http://registry.npmjs.org/sus-cpf
10 verbose request uri http://registry.npmjs.org/-/package/sus-cpf/dist-tags
11 verbose request no auth needed
12 info attempt registry request try #1 at 2:52:54 PM
13 verbose request id d770c426e2ed72a0
14 http request GET http://registry.npmjs.org/-/package/sus-cpf/dist-tags
15 http 200 http://registry.npmjs.org/-/package/sus-cpf/dist-tags
16 verbose headers { server: 'CouchDB/1.6.1 (Erlang OTP/R16B03)',
16 verbose headers   etag: '"ER5MEB7Z7NQNRZJ4CI9VV65O7"',
16 verbose headers   'content-type': 'application/json',
16 verbose headers   'content-encoding': 'gzip',
16 verbose headers   'cache-control': 'max-age=300',
16 verbose headers   'content-length': '38',
16 verbose headers   'accept-ranges': 'bytes',
16 verbose headers   date: 'Mon, 05 Dec 2016 16:52:54 GMT',
16 verbose headers   via: '1.1 varnish',
16 verbose headers   age: '84',
16 verbose headers   connection: 'keep-alive',
16 verbose headers   'x-served-by': 'cache-gru7124-GRU',
16 verbose headers   'x-cache': 'HIT',
16 verbose headers   'x-cache-hits': '1',
16 verbose headers   'x-timer': 'S1480956774.958200,VS0,VE0',
16 verbose headers   vary: 'Accept-Encoding' }
17 silly mapToRegistry name sus-cpf
18 silly mapToRegistry using default registry
19 silly mapToRegistry registry http://registry.npmjs.org/
20 silly mapToRegistry data Result {
20 silly mapToRegistry   raw: 'sus-cpf',
20 silly mapToRegistry   scope: null,
20 silly mapToRegistry   escapedName: 'sus-cpf',
20 silly mapToRegistry   name: 'sus-cpf',
20 silly mapToRegistry   rawSpec: '',
20 silly mapToRegistry   spec: 'latest',
20 silly mapToRegistry   type: 'tag' }
21 silly mapToRegistry uri http://registry.npmjs.org/sus-cpf
22 verbose request uri http://registry.npmjs.org/-/package/sus-cpf/dist-tags/latest
23 verbose request sending authorization for write operation
24 info attempt registry request try #1 at 2:52:54 PM
25 http request PUT http://registry.npmjs.org/-/package/sus-cpf/dist-tags/latest
26 http 404 http://registry.npmjs.org/-/package/sus-cpf/dist-tags/latest
27 verbose headers { 'content-type': 'application/json',
27 verbose headers   'cache-control': 'max-age=0',
27 verbose headers   'content-length': '38',
27 verbose headers   'accept-ranges': 'bytes',
27 verbose headers   date: 'Mon, 05 Dec 2016 16:52:55 GMT',
27 verbose headers   via: '1.1 varnish',
27 verbose headers   connection: 'keep-alive',
27 verbose headers   'x-served-by': 'cache-gru7124-GRU',
27 verbose headers   'x-cache': 'MISS',
27 verbose headers   'x-cache-hits': '0',
27 verbose headers   'x-timer': 'S1480956775.003171,VS0,VE283' }
28 verbose request invalidating /Users/jeancarlonascimento/.npm/registry.npmjs.org/-/package/sus-cpf/dist-tags/latest on PUT
29 verbose stack Error: Registry returned 404 for PUT on http://registry.npmjs.org/-/package/sus-cpf/dist-tags/latest
29 verbose stack     at makeError (/usr/local/lib/node_modules/npm/node_modules/npm-registry-client/lib/request.js:264:12)
29 verbose stack     at CachingRegistryClient.<anonymous> (/usr/local/lib/node_modules/npm/node_modules/npm-registry-client/lib/request.js:242:14)
29 verbose stack     at Request._callback (/usr/local/lib/node_modules/npm/node_modules/npm-registry-client/lib/request.js:172:14)
29 verbose stack     at Request.self.callback (/usr/local/lib/node_modules/npm/node_modules/request/request.js:200:22)
29 verbose stack     at emitTwo (events.js:106:13)
29 verbose stack     at Request.emit (events.js:191:7)
29 verbose stack     at Request.<anonymous> (/usr/local/lib/node_modules/npm/node_modules/request/request.js:1067:10)
29 verbose stack     at emitOne (events.js:101:20)
29 verbose stack     at Request.emit (events.js:188:7)
29 verbose stack     at IncomingMessage.<anonymous> (/usr/local/lib/node_modules/npm/node_modules/request/request.js:988:12)
30 verbose statusCode 404
31 verbose cwd /Users/jeancarlonascimento/www/testes/SUS
32 error Darwin 14.5.0
33 error argv "/usr/local/bin/node" "/usr/local/bin/npm" "dist-tag" "add" "sus-cpf@1.0.2"
34 error node v6.6.0
35 error npm  v3.10.3
36 error code E404
37 error 404 Registry returned 404 for PUT on http://registry.npmjs.org/-/package/sus-cpf/dist-tags/latest
38 verbose exit [ 1, true ]
